# JRE version: Java(TM) SE Runtime Environment 18.9 (11.0.28+12) (build 11.0.28+12-LTS-279)
# Java VM: Java HotSpot(TM) 64-Bit Server VM 18.9 (11.0.28+12-LTS-279, mixed mode, tiered, compressed oops, g1 gc, windows-amd64)
Heap:
 garbage-first heap   total 262144K, used 128901K [0x00000000e0000000, 0x0000000100000000)
  region size 1024K, 35 young (35840K), 10 survivors (10240K)
 Metaspace       used 77133K, capacity 79146K, committed 79312K, reserved 323584K
  class space    used 9814K, capacity 10564K, committed 10624K, reserved 253952K
GC Heap History (10 events):
Event: 29.923 GC heap before
{Heap before GC invocations=57 (full 0):
 garbage-first heap   total 262144K, used 216717K [0x00000000e0000000, 0x0000000100000000)
  region size 1024K, 30 young (30720K), 1 survivors (1024K)
 Metaspace       used 64348K, capacity 66235K, committed 66384K, reserved 313344K
  class space    used 8254K, capacity 8886K, committed 8960K, reserved 253952K
}
Event: 29.926 GC heap after
{Heap after GC invocations=58 (full 0):
 garbage-first heap   total 262144K, used 189060K [0x00000000e0000000, 0x0000000100000000)
  region size 1024K, 2 young (2048K), 2 survivors (2048K)
 Metaspace       used 64348K, capacity 66235K, committed 66384K, reserved 313344K
  class space    used 8254K, capacity 8886K, committed 8960K, reserved 253952K
}
Event: 29.964 GC heap before
{Heap before GC invocations=58 (full 0):
 garbage-first heap   total 262144K, used 197252K [0x00000000e0000000, 0x0000000100000000)
  region size 1024K, 4 young (4096K), 2 survivors (2048K)
 Metaspace       used 64574K, capacity 66459K, committed 66640K, reserved 313344K
  class space    used 8278K, capacity 8918K, committed 8960K, reserved 253952K
}
Event: 29.966 GC heap after
{Heap after GC invocations=59 (full 0):
 garbage-first heap   total 262144K, used 196813K [0x00000000e0000000, 0x0000000100000000)
  region size 1024K, 3 young (3072K), 3 survivors (3072K)
 Metaspace       used 64574K, capacity 66459K, committed 66640K, reserved 313344K
  class space    used 8278K, capacity 8918K, committed 8960K, reserved 253952K
}
Event: 30.431 GC heap before
{Heap before GC invocations=60 (full 0):
 garbage-first heap   total 262144K, used 126157K [0x00000000e0000000, 0x0000000100000000)
  region size 1024K, 23 young (23552K), 3 survivors (3072K)
 Metaspace       used 65957K, capacity 67839K, committed 67920K, reserved 313344K
  class space    used 8507K, capacity 9164K, committed 9216K, reserved 253952K
}
Event: 30.434 GC heap after
{Heap after GC invocations=61 (full 0):
 garbage-first heap   total 262144K, used 107773K [0x00000000e0000000, 0x0000000100000000)
  region size 1024K, 3 young (3072K), 3 survivors (3072K)
 Metaspace       used 65957K, capacity 67839K, committed 67920K, reserved 313344K
  class space    used 8507K, capacity 9164K, committed 9216K, reserved 253952K
}
Event: 30.602 GC heap before
{Heap before GC invocations=61 (full 0):
 garbage-first heap   total 262144K, used 116989K [0x00000000e0000000, 0x0000000100000000)
  region size 1024K, 12 young (12288K), 3 survivors (3072K)
 Metaspace       used 66687K, capacity 68522K, committed 68560K, reserved 313344K
  class space    used 8605K, capacity 9306K, committed 9344K, reserved 253952K
}
Event: 30.604 GC heap after
{Heap after GC invocations=62 (full 0):
 garbage-first heap   total 262144K, used 94792K [0x00000000e0000000, 0x0000000100000000)
  region size 1024K, 1 young (1024K), 1 survivors (1024K)
 Metaspace       used 66687K, capacity 68522K, committed 68560K, reserved 313344K
  class space    used 8605K, capacity 9306K, committed 9344K, reserved 253952K
}
Event: 32.471 GC heap before
{Heap before GC invocations=62 (full 0):
 garbage-first heap   total 262144K, used 169544K [0x00000000e0000000, 0x0000000100000000)
  region size 1024K, 75 young (76800K), 1 survivors (1024K)
 Metaspace       used 76831K, capacity 78949K, committed 79056K, reserved 323584K
  class space    used 9809K, capacity 10563K, committed 10624K, reserved 253952K
}
Event: 32.476 GC heap after
{Heap after GC invocations=63 (full 0):
 garbage-first heap   total 262144K, used 104325K [0x00000000e0000000, 0x0000000100000000)
  region size 1024K, 10 young (10240K), 10 survivors (10240K)
 Metaspace       used 76831K, capacity 78949K, committed 79056K, reserved 323584K
  class space    used 9809K, capacity 10563K, committed 10624K, reserved 253952K
}

